<?xml version="1.0" encoding="utf-8"?><testsuites name="pytest tests"><testsuite name="pytest" errors="0" failures="0" skipped="0" tests="2" time="66.784" timestamp="2026-05-20T15:40:36.265125+00:00" hostname="runnervmrw5os"><testcase classname="biobb_mddb.test.unitests.test_workflow.test_rmsd_per_residue.TestRmsdPerResidue" name="test_rmsd_per_residue" time="11.730" /><testcase classname="biobb_mddb.test.unitests.test_workflow.test_rmsd_per_residue_docker.TestRmsdPerResidueDocker" name="test_rmsd_per_residue" time="54.431" /></testsuite></testsuites>