<?xml version="1.0" encoding="utf-8"?><testsuites name="pytest tests"><testsuite name="pytest" errors="0" failures="0" skipped="0" tests="2" time="23.109" timestamp="2026-05-20T08:24:16.645722+00:00" hostname="runnervmg397c"><testcase classname="biobb_mddb.test.unitests.test_workflow.test_rmsd_per_residue.TestRmsdPerResidue" name="test_rmsd_per_residue" time="12.443" /><testcase classname="biobb_mddb.test.unitests.test_workflow.test_rmsd_per_residue_docker.TestRmsdPerResidueDocker" name="test_rmsd_per_residue" time="10.027" /></testsuite></testsuites>